C51 COMPILER V9.60.0.0   STATE                                                             03/09/2022 13:22:40 PAGE 1   


C51 COMPILER V9.60.0.0, COMPILATION OF MODULE STATE
OBJECT MODULE PLACED IN .\Objects\State.obj
COMPILER INVOKED BY: D:\Keil\C51\BIN\C51.EXE State.c OPTIMIZE(8,SPEED) BROWSE INCDIR(..\STC12C5A16AD) DEBUG OBJECTEXTEND
                    - PRINT(.\Listings\State.lst) TABS(2) OBJECT(.\Objects\State.obj)

line level    source

   1          #include "State.h"
   2          
   3          void MainCycle()
   4          {
   5   1          DATA_CL();
   6   1          if (F_Run)
   7   1          {
   8   2              ProgramRun();
   9   2              PositioningSignal();
  10   2              Motor_Set();
  11   2          }
  12   1          if (T_YZ)
  13   1          {
  14   2              SendData();
  15   2          }
  16   1          else
  17   1          {
  18   2              KeyTrigger();
  19   2          }
  20   1      }


MODULE INFORMATION:   STATIC OVERLAYABLE
   CODE SIZE        =     26    ----
   CONSTANT SIZE    =   ----    ----
   XDATA SIZE       =   ----    ----
   PDATA SIZE       =   ----    ----
   DATA SIZE        =   ----    ----
   IDATA SIZE       =   ----    ----
   BIT SIZE         =   ----    ----
END OF MODULE INFORMATION.


C51 COMPILATION COMPLETE.  0 WARNING(S),  0 ERROR(S)
